请求记录: 时间: 2021-04-15 14:26:49, url: /api/userInfo/resetPassword, 参数: {"userName":"xqk","password":"123456","phoneNumber":"110916"};
请求记录: 时间: 2021-04-15 14:27:13, url: /api/userInfo/resetPassword, 参数: {"userName":"xqk","password":"123456","phoneNumber":"110916"};
请求记录: 时间: 2021-04-15 14:28:37, url: /api/userInfo/resetPassword, 参数: {"userName":"xqk","password":"123456","phoneNumber":"110916"};
执行记录: 时间: 2021-04-15 14:28:37, SQL: update user_info set password = '123456' where user_name = 'xqk', 响应消息: 成功
请求记录: 时间: 2021-04-15 14:28:52, url: /api/userInfo/resetPassword, 参数: {"userName":"xqk","password":"112233","phoneNumber":"110916"};
执行记录: 时间: 2021-04-15 14:28:52, SQL: update user_info set password = '112233' where user_name = 'xqk', 响应消息: 成功
请求记录: 时间: 2021-04-15 14:29:13, url: /api/userInfo/resetPassword, 参数: {"userName":"xqk","password":"123456","phoneNumber":"123456"};
请求记录: 时间: 2021-04-15 14:29:20, url: /api/userInfo/resetPassword, 参数: {"userName":"xqk","password":"123456","phoneNumber":"110916"};
执行记录: 时间: 2021-04-15 14:29:20, SQL: update user_info set password = '123456' where user_name = 'xqk', 响应消息: 成功
请求记录: 时间: 2021-04-15 14:33:58, url: /api/userInfo/resetPassword, 参数: {"userName":"xqk","password":"1234567","phoneNumber":"110916"};
执行记录: 时间: 2021-04-15 14:33:58, SQL: update user_info set password = '1234567' where user_name = 'xqk', 响应消息: 成功
请求记录: 时间: 2021-04-15 14:34:06, url: /api/userInfo/resetPassword, 参数: {"userName":"xqk","password":"1234567","phoneNumber":"1109160"};
请求记录: 时间: 2021-04-15 14:34:15, url: /api/userInfo/resetPassword, 参数: {"userName":"xqk","password":"1234567","phoneNumber":"1109160"};
请求记录: 时间: 2021-04-15 14:34:33, url: /api/userInfo/resetPassword, 参数: {"userName":"xqk","password":"1234567","phoneNumber":"1109160"};
请求记录: 时间: 2021-04-15 14:38:01, url: /api/userInfo/login, 参数: {"userName":"","password":""};
请求记录: 时间: 2021-04-15 14:54:48, url: /api/userInfo/resetPassword, 参数: {"userName":"xqk","password":"1234567","phoneNumber":"1109160"};
请求记录: 时间: 2021-04-15 14:54:51, url: /api/userInfo/resetPassword, 参数: {"userName":"xqk","password":"1234567","phoneNumber":"110916"};
执行记录: 时间: 2021-04-15 14:54:51, SQL: update user_info set password = '1234567' where user_name = 'xqk', 响应消息: 成功
请求记录: 时间: 2021-04-15 14:55:03, url: /api/userInfo/resetPassword, 参数: {"userName":"xqk","password":"1234567","phoneNumber":"110916"};
执行记录: 时间: 2021-04-15 14:55:03, SQL: update user_info set password = '1234567' where user_name = 'xqk', 响应消息: 成功
请求记录: 时间: 2021-04-15 14:55:48, url: /api/userInfo/resetPassword, 参数: {"userName":"xqk","password":"1234567","phoneNumber":"110916"};
执行记录: 时间: 2021-04-15 14:55:48, SQL: update user_info set password = '1234567' where user_name = 'xqk', 响应消息: 成功
请求记录: 时间: 2021-04-15 14:56:07, url: /api/userInfo/resetPassword, 参数: {"userName":"xqk","password":"1234567","phoneNumber":"110916"};
执行记录: 时间: 2021-04-15 14:56:07, SQL: update user_info set password = '1234567' where user_name = 'xqk', 响应消息: 成功
请求记录: 时间: 2021-04-15 15:11:56, url: /api/userInfo/changePassword, 参数: {"userName":"xqk","oldPassword":"12345671","phoneNumber":"110916","newPassword":"123456"};
请求记录: 时间: 2021-04-15 15:12:04, url: /api/userInfo/changePassword, 参数: {"userName":"xqk","oldPassword":"1234567","phoneNumber":"110916","newPassword":"123456"};
执行记录: 时间: 2021-04-15 15:12:04, SQL: update user_info set password = '123456' where user_name = 'xqk', 响应消息: 成功
请求记录: 时间: 2021-04-15 15:12:38, url: /api/userInfo/changePassword, 参数: {"userName":"xqk","oldPassword":"1234567","phoneNumber":"110916","newPassword":"112233"};
请求记录: 时间: 2021-04-15 15:14:11, url: /api/userInfo/changePassword, 参数: {"userName":"xqk","oldPassword":"1234567","phoneNumber":"110916","newPassword":"112233"};
请求记录: 时间: 2021-04-15 15:15:30, url: /api/userInfo/changePassword, 参数: {"userName":"xqk","oldPassword":"1234567","phoneNumber":"110916","newPassword":"112233"};
请求记录: 时间: 2021-04-15 15:15:55, url: /api/userInfo/changePassword, 参数: {"userName":"xqk","oldPassword":"123456","phoneNumber":"110916","newPassword":"112233"};
执行记录: 时间: 2021-04-15 15:15:55, SQL: update user_info set password = '112233' where user_name = 'xqk', 响应消息: 成功
请求记录: 时间: 2021-04-15 15:28:59, url: /api/userInfo/login, 参数: {"userName":"xqk","password":"112233"};
请求记录: 时间: 2021-04-15 15:31:07, url: /api/userInfo/changePassword, 参数: {"userName":"xqk","oldPassword":"","phoneNumber":"","newPassword":""};
请求记录: 时间: 2021-04-15 16:16:07, url: /api/userInfo/changeName, 参数: {"userId":"2","name":"测试用户99"};
请求记录: 时间: 2021-04-15 16:16:56, url: /api/userInfo/changeName, 参数: {"userId":"2","name":"测试用户99"};
请求记录: 时间: 2021-04-15 16:17:55, url: /api/userInfo/changeName, 参数: {"userId":"2","name":"测试用户99"};
执行记录: 时间: 2021-04-15 16:17:55, SQL: update user_info set user_name = '测试用户99' where id = '2', 响应消息: 成功
请求记录: 时间: 2021-04-15 16:37:03, url: /api/userInfo/changeName, 参数: {"userId":"2","name":"测试用户99"};
执行记录: 时间: 2021-04-15 16:37:03, SQL: update user_info set name = '测试用户99' where id = '2', 响应消息: 成功
